import { createEvent as __stencil_createEvent } from "@stencil/core";
import { getConnect as __stencil_getConnect } from "@stencil/core";
import { getContext as __stencil_getContext } from "@stencil/core";
import { getElement as __stencil_getElement } from "@stencil/core";
import { Host as __stencil_Host } from "@stencil/core";
import { h as __stencil_h } from "@stencil/core";
import { registerInstance as __stencil_registerInstance } from "@stencil/core";
import { h } from '@stencil/core';
import classNames from 'classnames';
export class Button {
    constructor(hostRef) {
        __stencil_registerInstance(this, hostRef);
        this.size = '';
        this.theme = '';
        this.variant = '';
        this.disabled = false;
        this.deselected = false;
    }
    getCssClassMap() {
        return classNames('button', this.size && `button--size-${this.size}`, this.theme && `button--theme-${this.theme}`, this.variant && `button--variant-${this.variant}`, this.disabled && `button--disabled`, this.deselected && `button--deselected`);
    }
    render() {
        return (h("button", { class: this.getCssClassMap() }, h("slot", null)));
    }
    static get style() { return "STYLE_TEXT_PLACEHOLDER:t-button"; }
}
